kotlin version: 2.0.21
error message: java.lang.NoClassDefFoundError: kotlin/coroutines/jvm/internal/SpillingKt
	at dagger.spi.internal.shaded.androidx.room3.compiler.processing.DeclarationCollectorKt$collectAllMethods$1.invokeSuspend(DeclarationCollector.kt:94)
	at kotlin.coroutines.jvm.internal.BaseContinuationImpl.resumeWith(ContinuationImpl.kt:33)
	at kotlin.sequences.SequenceBuilderIterator.hasNext(SequenceBuilder.kt:129)
	at dagger.spi.internal.shaded.androidx.room3.compiler.processing.util.MemoizedSequence$CachedIterator.hasNext(MemoizedSequence.kt:36)
	at java.base/java.util.Iterator.forEachRemaining(Iterator.java:132)
	at java.base/java.util.Spliterators$IteratorSpliterator.forEachRemaining(Spliterators.java:1939)
	at java.base/java.util.stream.AbstractPipeline.copyInto(AbstractPipeline.java:509)
	at java.base/java.util.stream.AbstractPipeline.wrapAndCopyInto(AbstractPipeline.java:499)
	at java.base/java.util.stream.ReduceOps$ReduceOp.evaluateSequential(ReduceOps.java:921)
	at java.base/java.util.stream.AbstractPipeline.evaluate(AbstractPipeline.java:234)
	at java.base/java.util.stream.ReferencePipeline.collect(ReferencePipeline.java:682)
	at dagger.internal.codegen.xprocessing.XTypeElements.getAllMethods(XTypeElements.java:102)
	at dagger.internal.codegen.binding.BindsTypeChecker.methodParameterTypes(BindsTypeChecker.java:93)
	at dagger.internal.codegen.binding.BindsTypeChecker.desiredAssignableType(BindsTypeChecker.java:86)
	at dagger.internal.codegen.binding.BindsTypeChecker.isAssignable(BindsTypeChecker.java:68)
	at dagger.internal.codegen.validation.BindsMethodValidator$Validator.checkParameter(BindsMethodValidator.java:100)
	at dagger.internal.codegen.validation.BindingMethodValidator$MethodValidator.checkParameters(BindingMethodValidator.java:225)
	at dagger.internal.codegen.validation.BindsMethodValidator$Validator.checkParameters(BindsMethodValidator.java:85)
	at dagger.internal.codegen.validation.BindingMethodValidator$MethodValidator.checkAdditionalProperties(BindingMethodValidator.java:150)
	at dagger.internal.codegen.validation.BindingElementValidator$ElementValidator.validate(BindingElementValidator.java:149)
	at dagger.internal.codegen.validation.BindingElementValidator$ElementValidator.access$000(BindingElementValidator.java:131)
	at dagger.internal.codegen.validation.BindingElementValidator.validateUncached(BindingElementValidator.java:80)
	at dagger.internal.codegen.base.Util.reentrantComputeIfAbsent(Util.java:33)
	at dagger.internal.codegen.validation.BindingElementValidator.validate(BindingElementValidator.java:76)
	at dagger.internal.codegen.validation.AnyBindingMethodValidator.validateUncached(AnyBindingMethodValidator.java:103)
	at dagger.internal.codegen.base.Util.reentrantComputeIfAbsent(Util.java:33)
	at dagger.internal.codegen.validation.AnyBindingMethodValidator.validate(AnyBindingMethodValidator.java:81)
	at dagger.internal.codegen.validation.ModuleValidator.validateUncached(ModuleValidator.java:175)
	at dagger.internal.codegen.validation.ModuleValidator.lambda$validate$0(ModuleValidator.java:163)
	at dagger.internal.codegen.base.Util.reentrantComputeIfAbsent(Util.java:33)
	at dagger.internal.codegen.validation.ModuleValidator.validate(ModuleValidator.java:163)
	at dagger.internal.codegen.validation.ModuleValidator.validate(ModuleValidator.java:158)
	at dagger.internal.codegen.processingstep.ModuleProcessingStep.process(ModuleProcessingStep.java:105)
	at dagger.internal.codegen.processingstep.ModuleProcessingStep.process(ModuleProcessingStep.java:47)
	at dagger.internal.codegen.processingstep.TypeCheckingProcessingStep.lambda$process$0(TypeCheckingProcessingStep.java:96)
	at com.google.common.collect.RegularImmutableMap.forEach(RegularImmutableMap.java:297)
	at dagger.internal.codegen.processingstep.TypeCheckingProcessingStep.process(TypeCheckingProcessingStep.java:74)
	at dagger.internal.codegen.processingstep.ModuleProcessingStep.process(ModuleProcessingStep.java:89)
	at dagger.internal.codegen.processingstep.ModuleProcessingStep.process(ModuleProcessingStep.java:47)
	at dagger.spi.internal.shaded.androidx.room3.compiler.processing.XProcessingStep.process(XProcessingStep.kt:57)
	at dagger.spi.internal.shaded.androidx.room3.compiler.processing.CommonProcessorDelegate.processRound(XBasicAnnotationProcessor.kt:134)
	at dagger.spi.internal.shaded.androidx.room3.compiler.processing.ksp.KspBasicAnnotationProcessor.process(KspBasicAnnotationProcessor.kt:62)
	at com.google.devtools.ksp.AbstractKotlinSymbolProcessingExtension$doAnalysis$8$1.invoke(KotlinSymbolProcessingExtension.kt:320)
	at com.google.devtools.ksp.AbstractKotlinSymbolProcessingExtension$doAnalysis$8$1.invoke(KotlinSymbolProcessingExtension.kt:318)
	at com.google.devtools.ksp.AbstractKotlinSymbolProcessingExtension.handleException(KotlinSymbolProcessingExtension.kt:430)
	at com.google.devtools.ksp.AbstractKotlinSymbolProcessingExtension.doAnalysis(KotlinSymbolProcessingExtension.kt:318)
	at org.jetbrains.kotlin.cli.jvm.compiler.TopDownAnalyzerFacadeForJVM.analyzeFilesWithJavaIntegration(TopDownAnalyzerFacadeForJVM.kt:112)
	at org.jetbrains.kotlin.cli.jvm.compiler.TopDownAnalyzerFacadeForJVM.analyzeFilesWithJavaIntegration$default(TopDownAnalyzerFacadeForJVM.kt:75)
	at org.jetbrains.kotlin.cli.jvm.compiler.KotlinToJVMBytecodeCompiler.analyze$lambda$12(KotlinToJVMBytecodeCompiler.kt:373)
	at org.jetbrains.kotlin.cli.common.messages.AnalyzerWithCompilerReport.analyzeAndReport(AnalyzerWithCompilerReport.kt:112)
	at org.jetbrains.kotlin.cli.jvm.compiler.KotlinToJVMBytecodeCompiler.analyze(KotlinToJVMBytecodeCompiler.kt:364)
	at org.jetbrains.kotlin.cli.jvm.compiler.KotlinToJVMBytecodeCompiler.repeatAnalysisIfNeeded(KotlinToJVMBytecodeCompiler.kt:282)
	at org.jetbrains.kotlin.cli.jvm.compiler.KotlinToJVMBytecodeCompiler.runFrontendAndGenerateIrUsingClassicFrontend(KotlinToJVMBytecodeCompiler.kt:195)
	at org.jetbrains.kotlin.cli.jvm.compiler.KotlinToJVMBytecodeCompiler.compileModules$cli(KotlinToJVMBytecodeCompiler.kt:106)
	at org.jetbrains.kotlin.cli.jvm.K2JVMCompiler.doExecute(K2JVMCompiler.kt:170)
	at org.jetbrains.kotlin.cli.jvm.K2JVMCompiler.doExecute(K2JVMCompiler.kt:43)
	at org.jetbrains.kotlin.cli.common.CLICompiler.execImpl(CLICompiler.kt:103)
	at org.jetbrains.kotlin.cli.common.CLICompiler.execImpl(CLICompiler.kt:49)
	at org.jetbrains.kotlin.cli.common.CLITool.exec(CLITool.kt:101)
	at org.jetbrains.kotlin.daemon.CompileServiceImpl.compile(CompileServiceImpl.kt:1555)
	at java.base/jdk.internal.reflect.DirectMethodHandleAccessor.invoke(DirectMethodHandleAccessor.java:103)
	at java.base/java.lang.reflect.Method.invoke(Method.java:580)
	at java.rmi/sun.rmi.server.UnicastServerRef.dispatch(UnicastServerRef.java:360)
	at java.rmi/sun.rmi.transport.Transport$1.run(Transport.java:200)
	at java.rmi/sun.rmi.transport.Transport$1.run(Transport.java:197)
	at java.base/java.security.AccessController.doPrivileged(AccessController.java:714)
	at java.rmi/sun.rmi.transport.Transport.serviceCall(Transport.java:196)
	at java.rmi/sun.rmi.transport.tcp.TCPTransport.handleMessages(TCPTransport.java:598)
	at java.rmi/sun.rmi.transport.tcp.TCPTransport$ConnectionHandler.run0(TCPTransport.java:844)
	at java.rmi/sun.rmi.transport.tcp.TCPTransport$ConnectionHandler.lambda$run$0(TCPTransport.java:721)
	at java.base/java.security.AccessController.doPrivileged(AccessController.java:400)
	at java.rmi/sun.rmi.transport.tcp.TCPTransport$ConnectionHandler.run(TCPTransport.java:720)
	at java.base/java.util.concurrent.ThreadPoolExecutor.runWorker(ThreadPoolExecutor.java:1144)
	at java.base/java.util.concurrent.ThreadPoolExecutor$Worker.run(ThreadPoolExecutor.java:642)
	at java.base/java.lang.Thread.run(Thread.java:1583)
Caused by: java.lang.ClassNotFoundException: kotlin.coroutines.jvm.internal.SpillingKt
	at java.base/java.net.URLClassLoader.findClass(URLClassLoader.java:445)
	at java.base/java.lang.ClassLoader.loadClass(ClassLoader.java:593)
	at java.base/java.lang.ClassLoader.loadClass(ClassLoader.java:526)
	... 75 more


